14:55:07.126 [main] INFO  com.intuit.karate.Runner - using system property 'karate.options': --tags @tags1
14:55:07.849 [main] DEBUG com.intuit.karate.Suite - [config] classpath:karate-config.js
14:55:07.857 [main] DEBUG com.intuit.karate.Suite - waiting for 3 features to complete
15:02:39.387 [main] INFO  com.intuit.karate.Runner - using system property 'karate.options': --tags @tags1
15:02:40.055 [main] DEBUG com.intuit.karate.Suite - [config] classpath:karate-config.js
15:02:40.060 [main] DEBUG com.intuit.karate.Suite - waiting for 3 features to complete
15:04:01.030 [main] INFO  com.intuit.karate.Runner - using system property 'karate.options': --tags @tags
15:04:01.681 [main] DEBUG com.intuit.karate.Suite - [config] classpath:karate-config.js
15:04:01.681 [main] DEBUG com.intuit.karate.Suite - waiting for 3 features to complete
15:11:41.125 [main] INFO  com.intuit.karate.Runner - using system property 'karate.options': --tags @tags
15:11:41.787 [main] DEBUG com.intuit.karate.Suite - [config] classpath:karate-config.js
15:11:41.792 [main] INFO  com.intuit.karate.Suite - backed up existing 'target\karate-reports' dir to: target\karate-reports_1782738701792
15:11:41.796 [main] DEBUG com.intuit.karate.Suite - waiting for 3 features to complete
15:11:59.685 [main] INFO  com.intuit.karate.Runner - using system property 'karate.options': --tags @tags1
15:12:00.335 [main] DEBUG com.intuit.karate.Suite - [config] classpath:karate-config.js
15:12:00.335 [main] INFO  com.intuit.karate.Suite - backed up existing 'target\karate-reports' dir to: target\karate-reports_1782738720335
15:12:00.335 [main] DEBUG com.intuit.karate.Suite - waiting for 3 features to complete
15:12:01.101 [pool-1-thread-1] INFO  com.intuit.karate - karate.env system property was: null 
15:12:01.176 [pool-1-thread-1] ERROR com.intuit.karate - classpath:examples/e_commerce/e2e.feature:10
* def random_name = faker.name.name()
js failed:
>>>>
01: faker.name.name()
<<<<
org.graalvm.polyglot.PolyglotException: TypeError:  is not a function
- <js>.:program(Unnamed:1)

classpath:examples/e_commerce/e2e.feature:10
15:12:01.755 [pool-2-thread-1] INFO  com.intuit.karate.Suite - <<fail>> feature 2 of 3 (1 remaining) classpath:examples/e_commerce/e2e.feature
15:12:23.866 [main] INFO  com.intuit.karate.Runner - using system property 'karate.options': --tags @tags1
15:12:24.606 [main] DEBUG com.intuit.karate.Suite - [config] classpath:karate-config.js
15:12:24.613 [main] INFO  com.intuit.karate.Suite - backed up existing 'target\karate-reports' dir to: target\karate-reports_1782738744606
15:12:24.621 [main] DEBUG com.intuit.karate.Suite - waiting for 3 features to complete
15:12:25.418 [pool-1-thread-1] INFO  com.intuit.karate - karate.env system property was: null 
15:12:25.504 [pool-1-thread-1] ERROR com.intuit.karate - classpath:examples/e_commerce/e2e.feature:10
* def random_name = faker.name.name()
js failed:
>>>>
01: faker.name.name()
<<<<
org.graalvm.polyglot.PolyglotException: TypeError:  is not a function
- <js>.:program(Unnamed:1)

classpath:examples/e_commerce/e2e.feature:10
15:12:26.165 [pool-2-thread-1] INFO  com.intuit.karate.Suite - <<fail>> feature 2 of 3 (1 remaining) classpath:examples/e_commerce/e2e.feature
15:13:04.807 [main] INFO  com.intuit.karate.Runner - using system property 'karate.options': --tags @tags1
15:13:05.459 [main] DEBUG com.intuit.karate.Suite - [config] classpath:karate-config.js
15:13:05.459 [main] INFO  com.intuit.karate.Suite - backed up existing 'target\karate-reports' dir to: target\karate-reports_1782738785459
15:13:05.472 [main] DEBUG com.intuit.karate.Suite - waiting for 3 features to complete
15:13:06.237 [pool-1-thread-1] INFO  com.intuit.karate - karate.env system property was: null 
15:13:06.307 [pool-1-thread-1] ERROR com.intuit.karate - classpath:examples/e_commerce/e2e.feature:10
* def random_name = faker.name.name()
js failed:
>>>>
01: faker.name.name()
<<<<
org.graalvm.polyglot.PolyglotException: TypeError:  is not a function
- <js>.:program(Unnamed:1)

classpath:examples/e_commerce/e2e.feature:10
15:13:06.889 [pool-2-thread-1] INFO  com.intuit.karate.Suite - <<fail>> feature 2 of 3 (1 remaining) classpath:examples/e_commerce/e2e.feature
15:15:04.488 [main] INFO  com.intuit.karate.Runner - using system property 'karate.options': --tags @tags1
15:15:05.131 [main] DEBUG com.intuit.karate.Suite - [config] classpath:karate-config.js
15:15:05.133 [main] INFO  com.intuit.karate.Suite - backed up existing 'target\karate-reports' dir to: target\karate-reports_1782738905133
15:15:05.137 [main] DEBUG com.intuit.karate.Suite - waiting for 3 features to complete
15:15:05.890 [pool-1-thread-1] INFO  com.intuit.karate - karate.env system property was: null 
15:15:06.521 [pool-1-thread-1] DEBUG com.intuit.karate - request:
1 > POST https://api.efi-academy.com/user-api/public/register
1 > Content-Type: application/json; charset=UTF-8
1 > Content-Length: 99
1 > Host: api.efi-academy.com
1 > Connection: Keep-Alive
1 > User-Agent: Apache-HttpClient/4.5.13 (Java/17.0.13)
1 > Accept-Encoding: gzip,deflate
{"name":"Irish Hintz","email":"hong.ebert@gmail.com","password":"j&$!N#j5E69s@CU&U","role":"admin"}

15:15:06.859 [pool-1-thread-1] DEBUG com.intuit.karate - response time in milliseconds: 336
1 < 201
1 < Server: nginx
1 < Date: Mon, 29 Jun 2026 13:15:06 GMT
1 < Content-Type: application/json; charset=utf-8
1 < Content-Length: 142
1 < Connection: keep-alive
1 < X-Powered-By: PHP/8.2.31
1 < Access-Control-Allow-Origin: *
1 < Access-Control-Allow-Methods: GET, POST, PUT, DELETE, OPTIONS
1 < Access-Control-Allow-Headers: Content-Type, Authorization
{"success":true,"message":"Compte créé avec succès.","user":{"id":1170,"name":"Irish Hintz","email":"hong.ebert@gmail.com","role":"admin"}}

15:15:07.401 [pool-2-thread-1] INFO  com.intuit.karate.Suite - <<pass>> feature 2 of 3 (1 remaining) classpath:examples/e_commerce/e2e.feature
15:15:48.984 [main] INFO  com.intuit.karate.Runner - using system property 'karate.options': --tags @tags1
15:15:49.644 [main] DEBUG com.intuit.karate.Suite - [config] classpath:karate-config.js
15:15:49.644 [main] INFO  com.intuit.karate.Suite - backed up existing 'target\karate-reports' dir to: target\karate-reports_1782738949644
15:15:49.644 [main] DEBUG com.intuit.karate.Suite - waiting for 3 features to complete
15:15:50.360 [pool-1-thread-1] INFO  com.intuit.karate - karate.env system property was: null 
15:15:50.940 [pool-1-thread-1] DEBUG com.intuit.karate - request:
1 > POST https://api.efi-academy.com/user-api/public/register
1 > Content-Type: application/json; charset=UTF-8
1 > Content-Length: 99
1 > Host: api.efi-academy.com
1 > Connection: Keep-Alive
1 > User-Agent: Apache-HttpClient/4.5.13 (Java/17.0.13)
1 > Accept-Encoding: gzip,deflate
{"name":"Modesto Wisozk","email":"orlando.bechtelar@yahoo.com","password":"L*n^KhaF","role":"user"}

15:15:51.245 [pool-1-thread-1] DEBUG com.intuit.karate - response time in milliseconds: 305
1 < 201
1 < Server: nginx
1 < Date: Mon, 29 Jun 2026 13:15:51 GMT
1 < Content-Type: application/json; charset=utf-8
1 < Content-Length: 151
1 < Connection: keep-alive
1 < X-Powered-By: PHP/8.2.31
1 < Access-Control-Allow-Origin: *
1 < Access-Control-Allow-Methods: GET, POST, PUT, DELETE, OPTIONS
1 < Access-Control-Allow-Headers: Content-Type, Authorization
{"success":true,"message":"Compte créé avec succès.","user":{"id":1173,"name":"Modesto Wisozk","email":"orlando.bechtelar@yahoo.com","role":"user"}}

15:15:51.809 [pool-2-thread-1] INFO  com.intuit.karate.Suite - <<pass>> feature 2 of 3 (1 remaining) classpath:examples/e_commerce/e2e.feature
15:41:22.859 [main] INFO  com.intuit.karate.Runner - using system property 'karate.options': --tags @tags1
15:41:23.526 [main] DEBUG com.intuit.karate.Suite - [config] classpath:karate-config.js
15:41:23.529 [main] INFO  com.intuit.karate.Suite - backed up existing 'target\karate-reports' dir to: target\karate-reports_1782740483529
15:41:23.536 [main] DEBUG com.intuit.karate.Suite - waiting for 3 features to complete
15:41:24.363 [pool-1-thread-1] INFO  com.intuit.karate - karate.env system property was: null 
15:41:25.310 [pool-1-thread-1] DEBUG com.intuit.karate - request:
1 > POST https://api.efi-academy.com/user-api/public/register
1 > Content-Type: application/json; charset=UTF-8
1 > Content-Length: 110
1 > Host: api.efi-academy.com
1 > Connection: Keep-Alive
1 > User-Agent: Apache-HttpClient/4.5.13 (Java/17.0.13)
1 > Accept-Encoding: gzip,deflate
{"name":"Wendell Jaskolski","email":"bert.gusikowski@yahoo.com","password":"Yx@IE^6nAfJ#102hw","role":"admin"}

15:41:25.614 [pool-1-thread-1] DEBUG com.intuit.karate - response time in milliseconds: 302
1 < 201
1 < Server: nginx
1 < Date: Mon, 29 Jun 2026 13:41:25 GMT
1 < Content-Type: application/json; charset=utf-8
1 < Content-Length: 153
1 < Connection: keep-alive
1 < X-Powered-By: PHP/8.2.31
1 < Access-Control-Allow-Origin: *
1 < Access-Control-Allow-Methods: GET, POST, PUT, DELETE, OPTIONS
1 < Access-Control-Allow-Headers: Content-Type, Authorization
{"success":true,"message":"Compte créé avec succès.","user":{"id":1235,"name":"Wendell Jaskolski","email":"bert.gusikowski@yahoo.com","role":"admin"}}

15:41:25.614 [pool-1-thread-1] DEBUG com.intuit.karate - request:
2 > POST https://api.efi-academy.com/user-api/public/login
2 > Content-Type: application/json; charset=UTF-8
2 > Content-Length: 68
2 > Host: api.efi-academy.com
2 > Connection: Keep-Alive
2 > User-Agent: Apache-HttpClient/4.5.13 (Java/17.0.13)
2 > Accept-Encoding: gzip,deflate
{"email":"bert.gusikowski@yahoo.com","password":"Yx@IE^6nAfJ#102hw"}

15:41:25.759 [pool-1-thread-1] DEBUG com.intuit.karate - response time in milliseconds: 145
2 < 200
2 < Server: nginx
2 < Date: Mon, 29 Jun 2026 13:41:25 GMT
2 < Content-Type: application/json; charset=utf-8
2 < Content-Length: 436
2 < Connection: keep-alive
2 < X-Powered-By: PHP/8.2.31
2 < Access-Control-Allow-Origin: *
2 < Access-Control-Allow-Methods: GET, POST, PUT, DELETE, OPTIONS
2 < Access-Control-Allow-Headers: Content-Type, Authorization
{"success":true,"message":"Connexion réussie.","token_type":"Bearer","expires_in":3600,"token":"eyJ0eXAiOiJKV1QiLCJhbGciOiJIUzI1NiJ9.eyJpc3MiOiJ1c2VyLWFwaSIsInN1YiI6MTIzNSwicm9sZSI6ImFkbWluIiwiaWF0IjoxNzgyNzQwNDg1LCJleHAiOjE3ODI3NDQwODUsImp0aSI6Ijg4YzJlOGY1Y2Q4NmYyMjlkZGQyM2MxZTQyN2I4YmFjIn0.jaoIPNUFHTmW1yrcbDUtL0fGSBOnCikVaOwJ0fuCO70","user":{"id":1235,"name":"Wendell Jaskolski","email":"bert.gusikowski@yahoo.com","role":"admin"}}

15:41:25.780 [pool-1-thread-1] DEBUG com.intuit.karate - request:
3 > POST https://api.efi-academy.com/user-api/public/products
3 > Content-Type: application/json; charset=UTF-8
3 > Content-Length: 261
3 > Host: api.efi-academy.com
3 > Connection: Keep-Alive
3 > User-Agent: Apache-HttpClient/4.5.13 (Java/17.0.13)
3 > Accept-Encoding: gzip,deflate
{"name":"Awesome Leather Clock","description":["temporibus","placeat","nihil","amet","adipisci","aperiam","voluptates","eveniet","et","nobis"],"price":"391,87","stock":36,"image_url":"https:\/\/s3.amazonaws.com\/uifaces\/faces\/twitter\/LucasPerdidao\/128.jpg"}

15:41:25.840 [pool-1-thread-1] DEBUG com.intuit.karate - response time in milliseconds: 60
3 < 401
3 < Server: nginx
3 < Date: Mon, 29 Jun 2026 13:41:25 GMT
3 < Content-Type: application/json; charset=utf-8
3 < Content-Length: 94
3 < Connection: keep-alive
3 < X-Powered-By: PHP/8.2.31
3 < Access-Control-Allow-Origin: *
3 < Access-Control-Allow-Methods: GET, POST, PUT, DELETE, OPTIONS
3 < Access-Control-Allow-Headers: Content-Type, Authorization
{"success":false,"message":"Token manquant. Ajoute l'en-tête Authorization: Bearer <token>."}

15:41:25.843 [pool-1-thread-1] ERROR com.intuit.karate - classpath:examples/e_commerce/e2e.feature:70
* match responseStatus == '#? _ == 201 || _ == 403'
match failed: EQUALS
  $ | evaluated to 'false' (NUMBER:STRING)
  401
  '#? _ == 201 || _ == 403'

classpath:examples/e_commerce/e2e.feature:70
15:41:26.583 [pool-2-thread-1] INFO  com.intuit.karate.Suite - <<fail>> feature 2 of 3 (1 remaining) classpath:examples/e_commerce/e2e.feature
15:46:38.629 [main] INFO  com.intuit.karate.Runner - using system property 'karate.options': --tags @tags1
15:46:39.279 [main] DEBUG com.intuit.karate.Suite - [config] classpath:karate-config.js
15:46:39.279 [main] INFO  com.intuit.karate.Suite - backed up existing 'target\karate-reports' dir to: target\karate-reports_1782740799279
15:46:39.284 [main] DEBUG com.intuit.karate.Suite - waiting for 3 features to complete
15:46:40.019 [pool-1-thread-1] INFO  com.intuit.karate - karate.env system property was: null 
15:46:40.943 [pool-1-thread-1] DEBUG com.intuit.karate - request:
1 > POST https://api.efi-academy.com/user-api/public/register
1 > Content-Type: application/json; charset=UTF-8
1 > Content-Length: 99
1 > Host: api.efi-academy.com
1 > Connection: Keep-Alive
1 > User-Agent: Apache-HttpClient/4.5.13 (Java/17.0.13)
1 > Accept-Encoding: gzip,deflate
{"name":"Penny Jerde","email":"cesar.mraz@gmail.com","password":"A9bkNiN7NhT8n2fu0","role":"admin"}

15:46:41.259 [pool-1-thread-1] DEBUG com.intuit.karate - response time in milliseconds: 315
1 < 201
1 < Server: nginx
1 < Date: Mon, 29 Jun 2026 13:46:41 GMT
1 < Content-Type: application/json; charset=utf-8
1 < Content-Length: 142
1 < Connection: keep-alive
1 < X-Powered-By: PHP/8.2.31
1 < Access-Control-Allow-Origin: *
1 < Access-Control-Allow-Methods: GET, POST, PUT, DELETE, OPTIONS
1 < Access-Control-Allow-Headers: Content-Type, Authorization
{"success":true,"message":"Compte créé avec succès.","user":{"id":1240,"name":"Penny Jerde","email":"cesar.mraz@gmail.com","role":"admin"}}

15:46:41.264 [pool-1-thread-1] DEBUG com.intuit.karate - request:
2 > POST https://api.efi-academy.com/user-api/public/login
2 > Content-Type: application/json; charset=UTF-8
2 > Content-Length: 63
2 > Host: api.efi-academy.com
2 > Connection: Keep-Alive
2 > User-Agent: Apache-HttpClient/4.5.13 (Java/17.0.13)
2 > Accept-Encoding: gzip,deflate
{"email":"cesar.mraz@gmail.com","password":"A9bkNiN7NhT8n2fu0"}

15:46:41.464 [pool-1-thread-1] DEBUG com.intuit.karate - response time in milliseconds: 200
2 < 200
2 < Server: nginx
2 < Date: Mon, 29 Jun 2026 13:46:41 GMT
2 < Content-Type: application/json; charset=utf-8
2 < Content-Length: 425
2 < Connection: keep-alive
2 < X-Powered-By: PHP/8.2.31
2 < Access-Control-Allow-Origin: *
2 < Access-Control-Allow-Methods: GET, POST, PUT, DELETE, OPTIONS
2 < Access-Control-Allow-Headers: Content-Type, Authorization
{"success":true,"message":"Connexion réussie.","token_type":"Bearer","expires_in":3600,"token":"eyJ0eXAiOiJKV1QiLCJhbGciOiJIUzI1NiJ9.eyJpc3MiOiJ1c2VyLWFwaSIsInN1YiI6MTI0MCwicm9sZSI6ImFkbWluIiwiaWF0IjoxNzgyNzQwODAxLCJleHAiOjE3ODI3NDQ0MDEsImp0aSI6IjI5NzM0YjEwMGE5ZGRjMzU1OThiNDUyZWQzY2ExNzAxIn0.sPp8U0xoJndm3pW5U4-xE7Cf1wJFEZIH798gZVaqhDA","user":{"id":1240,"name":"Penny Jerde","email":"cesar.mraz@gmail.com","role":"admin"}}

15:46:41.480 [pool-1-thread-1] DEBUG com.intuit.karate - request:
3 > POST https://api.efi-academy.com/user-api/public/products
3 > Content-Type: application/json; charset=UTF-8
3 > Content-Length: 247
3 > Host: api.efi-academy.com
3 > Connection: Keep-Alive
3 > User-Agent: Apache-HttpClient/4.5.13 (Java/17.0.13)
3 > Accept-Encoding: gzip,deflate
{"name":"Gorgeous Concrete Wallet","description":["et","nihil","nesciunt","ab","architecto","qui","officiis","exercitationem","ut","in"],"price":"768,95","stock":33,"image_url":"https:\/\/s3.amazonaws.com\/uifaces\/faces\/twitter\/ovall\/128.jpg"}

15:46:41.579 [pool-1-thread-1] DEBUG com.intuit.karate - response time in milliseconds: 99
3 < 401
3 < Server: nginx
3 < Date: Mon, 29 Jun 2026 13:46:41 GMT
3 < Content-Type: application/json; charset=utf-8
3 < Content-Length: 94
3 < Connection: keep-alive
3 < X-Powered-By: PHP/8.2.31
3 < Access-Control-Allow-Origin: *
3 < Access-Control-Allow-Methods: GET, POST, PUT, DELETE, OPTIONS
3 < Access-Control-Allow-Headers: Content-Type, Authorization
{"success":false,"message":"Token manquant. Ajoute l'en-tête Authorization: Bearer <token>."}

15:46:41.579 [pool-1-thread-1] ERROR com.intuit.karate - classpath:examples/e_commerce/e2e.feature:71
Then match status code_auth
no step-definition method match found for: match status code_auth
classpath:examples/e_commerce/e2e.feature:71
15:46:42.273 [pool-2-thread-1] INFO  com.intuit.karate.Suite - <<fail>> feature 2 of 3 (1 remaining) classpath:examples/e_commerce/e2e.feature
15:48:36.494 [main] INFO  com.intuit.karate.Runner - using system property 'karate.options': --tags @tags1
15:48:37.167 [main] DEBUG com.intuit.karate.Suite - [config] classpath:karate-config.js
15:48:37.169 [main] INFO  com.intuit.karate.Suite - backed up existing 'target\karate-reports' dir to: target\karate-reports_1782740917168
15:48:37.174 [main] DEBUG com.intuit.karate.Suite - waiting for 3 features to complete
15:48:37.995 [pool-1-thread-1] INFO  com.intuit.karate - karate.env system property was: null 
15:48:38.817 [pool-1-thread-1] DEBUG com.intuit.karate - request:
1 > POST https://api.efi-academy.com/user-api/public/register
1 > Content-Type: application/json; charset=UTF-8
1 > Content-Length: 105
1 > Host: api.efi-academy.com
1 > Connection: Keep-Alive
1 > User-Agent: Apache-HttpClient/4.5.13 (Java/17.0.13)
1 > Accept-Encoding: gzip,deflate
{"name":"Willard Zieme","email":"ariana.nitzsche@yahoo.com","password":"t^#B6^1Jo#1NWXak","role":"admin"}

15:48:39.134 [pool-1-thread-1] DEBUG com.intuit.karate - response time in milliseconds: 316
1 < 201
1 < Server: nginx
1 < Date: Mon, 29 Jun 2026 13:48:39 GMT
1 < Content-Type: application/json; charset=utf-8
1 < Content-Length: 149
1 < Connection: keep-alive
1 < X-Powered-By: PHP/8.2.31
1 < Access-Control-Allow-Origin: *
1 < Access-Control-Allow-Methods: GET, POST, PUT, DELETE, OPTIONS
1 < Access-Control-Allow-Headers: Content-Type, Authorization
{"success":true,"message":"Compte créé avec succès.","user":{"id":1241,"name":"Willard Zieme","email":"ariana.nitzsche@yahoo.com","role":"admin"}}

15:48:39.140 [pool-1-thread-1] DEBUG com.intuit.karate - request:
2 > POST https://api.efi-academy.com/user-api/public/login
2 > Content-Type: application/json; charset=UTF-8
2 > Content-Length: 67
2 > Host: api.efi-academy.com
2 > Connection: Keep-Alive
2 > User-Agent: Apache-HttpClient/4.5.13 (Java/17.0.13)
2 > Accept-Encoding: gzip,deflate
{"email":"ariana.nitzsche@yahoo.com","password":"t^#B6^1Jo#1NWXak"}

15:48:39.310 [pool-1-thread-1] DEBUG com.intuit.karate - response time in milliseconds: 169
2 < 200
2 < Server: nginx
2 < Date: Mon, 29 Jun 2026 13:48:39 GMT
2 < Content-Type: application/json; charset=utf-8
2 < Content-Length: 432
2 < Connection: keep-alive
2 < X-Powered-By: PHP/8.2.31
2 < Access-Control-Allow-Origin: *
2 < Access-Control-Allow-Methods: GET, POST, PUT, DELETE, OPTIONS
2 < Access-Control-Allow-Headers: Content-Type, Authorization
{"success":true,"message":"Connexion réussie.","token_type":"Bearer","expires_in":3600,"token":"eyJ0eXAiOiJKV1QiLCJhbGciOiJIUzI1NiJ9.eyJpc3MiOiJ1c2VyLWFwaSIsInN1YiI6MTI0MSwicm9sZSI6ImFkbWluIiwiaWF0IjoxNzgyNzQwOTE5LCJleHAiOjE3ODI3NDQ1MTksImp0aSI6IjI2OWUzYTFiNDI0MzNlOGFjNjM2ZWYxOGM2YmE1MjE3In0.3wA8cQ2gixGQycoCvqquDMTy3ufc3L-cbDL7uO2nIr4","user":{"id":1241,"name":"Willard Zieme","email":"ariana.nitzsche@yahoo.com","role":"admin"}}

15:48:39.324 [pool-1-thread-1] DEBUG com.intuit.karate - request:
3 > POST https://api.efi-academy.com/user-api/public/products
3 > Content-Type: application/json; charset=UTF-8
3 > Content-Length: 250
3 > Host: api.efi-academy.com
3 > Connection: Keep-Alive
3 > User-Agent: Apache-HttpClient/4.5.13 (Java/17.0.13)
3 > Accept-Encoding: gzip,deflate
{"name":"Rustic Wool Bottle","description":["exercitationem","sapiente","accusamus","facere","enim","at","ullam","facere","minima","quas"],"price":"888,82","stock":44,"image_url":"https:\/\/s3.amazonaws.com\/uifaces\/faces\/twitter\/mgonto\/128.jpg"}

15:48:39.436 [pool-1-thread-1] DEBUG com.intuit.karate - response time in milliseconds: 112
3 < 401
3 < Server: nginx
3 < Date: Mon, 29 Jun 2026 13:48:39 GMT
3 < Content-Type: application/json; charset=utf-8
3 < Content-Length: 94
3 < Connection: keep-alive
3 < X-Powered-By: PHP/8.2.31
3 < Access-Control-Allow-Origin: *
3 < Access-Control-Allow-Methods: GET, POST, PUT, DELETE, OPTIONS
3 < Access-Control-Allow-Headers: Content-Type, Authorization
{"success":false,"message":"Token manquant. Ajoute l'en-tête Authorization: Bearer <token>."}

15:48:39.446 [pool-1-thread-1] ERROR com.intuit.karate - classpath:examples/e_commerce/e2e.feature:71
Then match responseStatus == code_auth
js failed:
>>>>
01: code_auth
<<<<
org.graalvm.polyglot.PolyglotException: ReferenceError: "code_auth" is not defined
- <js>.:program(Unnamed:1)

classpath:examples/e_commerce/e2e.feature:71
15:48:40.194 [pool-2-thread-1] INFO  com.intuit.karate.Suite - <<fail>> feature 2 of 3 (1 remaining) classpath:examples/e_commerce/e2e.feature
15:49:00.635 [main] INFO  com.intuit.karate.Runner - using system property 'karate.options': --tags @tags1
15:49:01.349 [main] DEBUG com.intuit.karate.Suite - [config] classpath:karate-config.js
15:49:01.349 [main] INFO  com.intuit.karate.Suite - backed up existing 'target\karate-reports' dir to: target\karate-reports_1782740941349
15:49:01.362 [main] DEBUG com.intuit.karate.Suite - waiting for 3 features to complete
15:49:02.226 [pool-1-thread-1] INFO  com.intuit.karate - karate.env system property was: null 
15:49:03.205 [pool-1-thread-1] DEBUG com.intuit.karate - request:
1 > POST https://api.efi-academy.com/user-api/public/register
1 > Content-Type: application/json; charset=UTF-8
1 > Content-Length: 103
1 > Host: api.efi-academy.com
1 > Connection: Keep-Alive
1 > User-Agent: Apache-HttpClient/4.5.13 (Java/17.0.13)
1 > Accept-Encoding: gzip,deflate
{"name":"Debby Zboncak MD","email":"sheldon.wehner@hotmail.com","password":"NEvE!mw#HDs","role":"user"}

15:49:03.540 [pool-1-thread-1] DEBUG com.intuit.karate - response time in milliseconds: 324
1 < 201
1 < Server: nginx
1 < Date: Mon, 29 Jun 2026 13:49:03 GMT
1 < Content-Type: application/json; charset=utf-8
1 < Content-Length: 152
1 < Connection: keep-alive
1 < X-Powered-By: PHP/8.2.31
1 < Access-Control-Allow-Origin: *
1 < Access-Control-Allow-Methods: GET, POST, PUT, DELETE, OPTIONS
1 < Access-Control-Allow-Headers: Content-Type, Authorization
{"success":true,"message":"Compte créé avec succès.","user":{"id":1243,"name":"Debby Zboncak MD","email":"sheldon.wehner@hotmail.com","role":"user"}}

15:49:03.545 [pool-1-thread-1] DEBUG com.intuit.karate - request:
2 > POST https://api.efi-academy.com/user-api/public/login
2 > Content-Type: application/json; charset=UTF-8
2 > Content-Length: 63
2 > Host: api.efi-academy.com
2 > Connection: Keep-Alive
2 > User-Agent: Apache-HttpClient/4.5.13 (Java/17.0.13)
2 > Accept-Encoding: gzip,deflate
{"email":"sheldon.wehner@hotmail.com","password":"NEvE!mw#HDs"}

15:49:03.709 [pool-1-thread-1] DEBUG com.intuit.karate - response time in milliseconds: 164
2 < 200
2 < Server: nginx
2 < Date: Mon, 29 Jun 2026 13:49:03 GMT
2 < Content-Type: application/json; charset=utf-8
2 < Content-Length: 434
2 < Connection: keep-alive
2 < X-Powered-By: PHP/8.2.31
2 < Access-Control-Allow-Origin: *
2 < Access-Control-Allow-Methods: GET, POST, PUT, DELETE, OPTIONS
2 < Access-Control-Allow-Headers: Content-Type, Authorization
{"success":true,"message":"Connexion réussie.","token_type":"Bearer","expires_in":3600,"token":"eyJ0eXAiOiJKV1QiLCJhbGciOiJIUzI1NiJ9.eyJpc3MiOiJ1c2VyLWFwaSIsInN1YiI6MTI0Mywicm9sZSI6InVzZXIiLCJpYXQiOjE3ODI3NDA5NDMsImV4cCI6MTc4Mjc0NDU0MywianRpIjoiOTBkODVlM2YwNzQ3OTFiZTE4ZTYxOWU2YTRjYjFlZTkifQ.-1CF1MUQ5MfLk8ehdF6853-RairsaBMHL01rPch4L8o","user":{"id":1243,"name":"Debby Zboncak MD","email":"sheldon.wehner@hotmail.com","role":"user"}}

15:49:03.723 [pool-1-thread-1] DEBUG com.intuit.karate - request:
3 > POST https://api.efi-academy.com/user-api/public/products
3 > Content-Type: application/json; charset=UTF-8
3 > Content-Length: 259
3 > Host: api.efi-academy.com
3 > Connection: Keep-Alive
3 > User-Agent: Apache-HttpClient/4.5.13 (Java/17.0.13)
3 > Accept-Encoding: gzip,deflate
{"name":"Fantastic Granite Plate","description":["similique","dolorum","similique","at","sit","cumque","aut","accusantium","repellat","animi"],"price":"658,22","stock":48,"image_url":"https:\/\/s3.amazonaws.com\/uifaces\/faces\/twitter\/pechkinator\/128.jpg"}

15:49:03.906 [pool-1-thread-1] DEBUG com.intuit.karate - response time in milliseconds: 183
3 < 401
3 < Server: nginx
3 < Date: Mon, 29 Jun 2026 13:49:03 GMT
3 < Content-Type: application/json; charset=utf-8
3 < Content-Length: 94
3 < Connection: keep-alive
3 < X-Powered-By: PHP/8.2.31
3 < Access-Control-Allow-Origin: *
3 < Access-Control-Allow-Methods: GET, POST, PUT, DELETE, OPTIONS
3 < Access-Control-Allow-Headers: Content-Type, Authorization
{"success":false,"message":"Token manquant. Ajoute l'en-tête Authorization: Bearer <token>."}

15:49:03.909 [pool-1-thread-1] ERROR com.intuit.karate - classpath:examples/e_commerce/e2e.feature:71
Then match responseStatus == code_auth
match failed: EQUALS
  $ | not equal (NUMBER:NUMBER)
  401
  403

classpath:examples/e_commerce/e2e.feature:71
15:49:04.639 [pool-2-thread-1] INFO  com.intuit.karate.Suite - <<fail>> feature 2 of 3 (1 remaining) classpath:examples/e_commerce/e2e.feature
15:50:26.841 [main] INFO  com.intuit.karate.Runner - using system property 'karate.options': --tags @tags1
15:50:27.504 [main] DEBUG com.intuit.karate.Suite - [config] classpath:karate-config.js
15:50:27.504 [main] INFO  com.intuit.karate.Suite - backed up existing 'target\karate-reports' dir to: target\karate-reports_1782741027504
15:50:27.514 [main] DEBUG com.intuit.karate.Suite - waiting for 3 features to complete
15:50:28.304 [pool-1-thread-1] INFO  com.intuit.karate - karate.env system property was: null 
15:50:29.129 [pool-1-thread-1] DEBUG com.intuit.karate - request:
1 > POST https://api.efi-academy.com/user-api/public/register
1 > Content-Type: application/json; charset=UTF-8
1 > Content-Length: 102
1 > Host: api.efi-academy.com
1 > Connection: Keep-Alive
1 > User-Agent: Apache-HttpClient/4.5.13 (Java/17.0.13)
1 > Accept-Encoding: gzip,deflate
{"name":"Elisha Schmitt Jr.","email":"magdalena.hintz@gmail.com","password":"8^ExV3H9","role":"admin"}

15:50:29.442 [pool-1-thread-1] DEBUG com.intuit.karate - response time in milliseconds: 313
1 < 201
1 < Server: nginx
1 < Date: Mon, 29 Jun 2026 13:50:29 GMT
1 < Content-Type: application/json; charset=utf-8
1 < Content-Length: 154
1 < Connection: keep-alive
1 < X-Powered-By: PHP/8.2.31
1 < Access-Control-Allow-Origin: *
1 < Access-Control-Allow-Methods: GET, POST, PUT, DELETE, OPTIONS
1 < Access-Control-Allow-Headers: Content-Type, Authorization
{"success":true,"message":"Compte créé avec succès.","user":{"id":1244,"name":"Elisha Schmitt Jr.","email":"magdalena.hintz@gmail.com","role":"admin"}}

15:50:29.452 [pool-1-thread-1] DEBUG com.intuit.karate - request:
2 > POST https://api.efi-academy.com/user-api/public/login
2 > Content-Type: application/json; charset=UTF-8
2 > Content-Length: 59
2 > Host: api.efi-academy.com
2 > Connection: Keep-Alive
2 > User-Agent: Apache-HttpClient/4.5.13 (Java/17.0.13)
2 > Accept-Encoding: gzip,deflate
{"email":"magdalena.hintz@gmail.com","password":"8^ExV3H9"}

15:50:29.600 [pool-1-thread-1] DEBUG com.intuit.karate - response time in milliseconds: 148
2 < 200
2 < Server: nginx
2 < Date: Mon, 29 Jun 2026 13:50:29 GMT
2 < Content-Type: application/json; charset=utf-8
2 < Content-Length: 437
2 < Connection: keep-alive
2 < X-Powered-By: PHP/8.2.31
2 < Access-Control-Allow-Origin: *
2 < Access-Control-Allow-Methods: GET, POST, PUT, DELETE, OPTIONS
2 < Access-Control-Allow-Headers: Content-Type, Authorization
{"success":true,"message":"Connexion réussie.","token_type":"Bearer","expires_in":3600,"token":"eyJ0eXAiOiJKV1QiLCJhbGciOiJIUzI1NiJ9.eyJpc3MiOiJ1c2VyLWFwaSIsInN1YiI6MTI0NCwicm9sZSI6ImFkbWluIiwiaWF0IjoxNzgyNzQxMDI5LCJleHAiOjE3ODI3NDQ2MjksImp0aSI6IjY0NGE4OTVmYWI3YWUzMzRhNjM3M2IwYWI3MTM1NjI5In0.VTacsfLaQ9ymxslnnTij4Erf9tEmOHH0zTLgXdFt_eE","user":{"id":1244,"name":"Elisha Schmitt Jr.","email":"magdalena.hintz@gmail.com","role":"admin"}}

15:50:29.619 [pool-1-thread-1] DEBUG com.intuit.karate - request:
3 > POST https://api.efi-academy.com/user-api/public/products
3 > Content-Type: application/json; charset=UTF-8
3 > Content-Length: 256
3 > Host: api.efi-academy.com
3 > Connection: Keep-Alive
3 > User-Agent: Apache-HttpClient/4.5.13 (Java/17.0.13)
3 > Accept-Encoding: gzip,deflate
{"name":"Enormous Leather Plate","description":["fugit","minus","minus","aperiam","officia","ullam","voluptatum","ratione","ullam","adipisci"],"price":"950,66","stock":20,"image_url":"https:\/\/s3.amazonaws.com\/uifaces\/faces\/twitter\/jesseddy\/128.jpg"}

15:50:29.686 [pool-1-thread-1] DEBUG com.intuit.karate - response time in milliseconds: 67
3 < 401
3 < Server: nginx
3 < Date: Mon, 29 Jun 2026 13:50:29 GMT
3 < Content-Type: application/json; charset=utf-8
3 < Content-Length: 94
3 < Connection: keep-alive
3 < X-Powered-By: PHP/8.2.31
3 < Access-Control-Allow-Origin: *
3 < Access-Control-Allow-Methods: GET, POST, PUT, DELETE, OPTIONS
3 < Access-Control-Allow-Headers: Content-Type, Authorization
{"success":false,"message":"Token manquant. Ajoute l'en-tête Authorization: Bearer <token>."}

15:50:29.690 [pool-1-thread-1] ERROR com.intuit.karate - classpath:examples/e_commerce/e2e.feature:72
Then match responseStatus == code_auth
match failed: EQUALS
  $ | not equal (NUMBER:NUMBER)
  401
  201

classpath:examples/e_commerce/e2e.feature:72
15:50:30.389 [pool-2-thread-1] INFO  com.intuit.karate.Suite - <<fail>> feature 2 of 3 (1 remaining) classpath:examples/e_commerce/e2e.feature
15:53:13.815 [main] INFO  com.intuit.karate.Runner - using system property 'karate.options': --tags @tags1
15:53:14.441 [main] DEBUG com.intuit.karate.Suite - [config] classpath:karate-config.js
15:53:14.443 [main] INFO  com.intuit.karate.Suite - backed up existing 'target\karate-reports' dir to: target\karate-reports_1782741194442
15:53:14.450 [main] DEBUG com.intuit.karate.Suite - waiting for 3 features to complete
15:53:15.253 [pool-1-thread-1] INFO  com.intuit.karate - karate.env system property was: null 
15:53:16.122 [pool-1-thread-1] DEBUG com.intuit.karate - request:
1 > POST https://api.efi-academy.com/user-api/public/register
1 > Content-Type: application/json; charset=UTF-8
1 > Content-Length: 106
1 > Host: api.efi-academy.com
1 > Connection: Keep-Alive
1 > User-Agent: Apache-HttpClient/4.5.13 (Java/17.0.13)
1 > Accept-Encoding: gzip,deflate
{"name":"Yon Strosin","email":"lilian.heathcote@hotmail.com","password":"5*fvSkO$ohUM8$u1","role":"admin"}

15:53:16.495 [pool-1-thread-1] DEBUG com.intuit.karate - response time in milliseconds: 372
1 < 201
1 < Server: nginx
1 < Date: Mon, 29 Jun 2026 13:53:16 GMT
1 < Content-Type: application/json; charset=utf-8
1 < Content-Length: 150
1 < Connection: keep-alive
1 < X-Powered-By: PHP/8.2.31
1 < Access-Control-Allow-Origin: *
1 < Access-Control-Allow-Methods: GET, POST, PUT, DELETE, OPTIONS
1 < Access-Control-Allow-Headers: Content-Type, Authorization
{"success":true,"message":"Compte créé avec succès.","user":{"id":1246,"name":"Yon Strosin","email":"lilian.heathcote@hotmail.com","role":"admin"}}

15:53:16.501 [pool-1-thread-1] DEBUG com.intuit.karate - request:
2 > POST https://api.efi-academy.com/user-api/public/login
2 > Content-Type: application/json; charset=UTF-8
2 > Content-Length: 70
2 > Host: api.efi-academy.com
2 > Connection: Keep-Alive
2 > User-Agent: Apache-HttpClient/4.5.13 (Java/17.0.13)
2 > Accept-Encoding: gzip,deflate
{"email":"lilian.heathcote@hotmail.com","password":"5*fvSkO$ohUM8$u1"}

15:53:16.673 [pool-1-thread-1] DEBUG com.intuit.karate - response time in milliseconds: 172
2 < 200
2 < Server: nginx
2 < Date: Mon, 29 Jun 2026 13:53:16 GMT
2 < Content-Type: application/json; charset=utf-8
2 < Content-Length: 433
2 < Connection: keep-alive
2 < X-Powered-By: PHP/8.2.31
2 < Access-Control-Allow-Origin: *
2 < Access-Control-Allow-Methods: GET, POST, PUT, DELETE, OPTIONS
2 < Access-Control-Allow-Headers: Content-Type, Authorization
{"success":true,"message":"Connexion réussie.","token_type":"Bearer","expires_in":3600,"token":"eyJ0eXAiOiJKV1QiLCJhbGciOiJIUzI1NiJ9.eyJpc3MiOiJ1c2VyLWFwaSIsInN1YiI6MTI0Niwicm9sZSI6ImFkbWluIiwiaWF0IjoxNzgyNzQxMTk2LCJleHAiOjE3ODI3NDQ3OTYsImp0aSI6Ijk5YzZmYTVjMTg1ZjcxY2Y5YzU1M2MzZmM4ZDM1YTY5In0.O5rgHWDo0LCS27SOKs8qZA5-jfyJd5OvpM0qHiJ0ZPs","user":{"id":1246,"name":"Yon Strosin","email":"lilian.heathcote@hotmail.com","role":"admin"}}

15:53:16.695 [pool-1-thread-1] ERROR com.intuit.karate - classpath:examples/e_commerce/e2e.feature:70
And header Authorization = 'Bearer ' + token
js failed:
>>>>
01: 'Bearer ' + token
<<<<
org.graalvm.polyglot.PolyglotException: ReferenceError: "token" is not defined
- <js>.:program(Unnamed:1)

classpath:examples/e_commerce/e2e.feature:70
15:53:17.418 [pool-2-thread-1] INFO  com.intuit.karate.Suite - <<fail>> feature 2 of 3 (1 remaining) classpath:examples/e_commerce/e2e.feature
15:55:37.847 [main] INFO  com.intuit.karate.Runner - using system property 'karate.options': --tags @tags1
15:55:38.467 [main] DEBUG com.intuit.karate.Suite - [config] classpath:karate-config.js
15:55:38.471 [main] INFO  com.intuit.karate.Suite - backed up existing 'target\karate-reports' dir to: target\karate-reports_1782741338469
15:55:38.471 [main] DEBUG com.intuit.karate.Suite - waiting for 3 features to complete
15:55:39.192 [pool-1-thread-1] INFO  com.intuit.karate - karate.env system property was: null 
15:55:39.999 [pool-1-thread-1] DEBUG com.intuit.karate - request:
1 > POST https://api.efi-academy.com/user-api/public/register
1 > Content-Type: application/json; charset=UTF-8
1 > Content-Length: 103
1 > Host: api.efi-academy.com
1 > Connection: Keep-Alive
1 > User-Agent: Apache-HttpClient/4.5.13 (Java/17.0.13)
1 > Accept-Encoding: gzip,deflate
{"name":"Doyle O'Kon","email":"demetra.robel@hotmail.com","password":"qH%7e1#fkrCJRdrdK","role":"user"}

15:55:40.349 [pool-1-thread-1] DEBUG com.intuit.karate - response time in milliseconds: 348
1 < 201
1 < Server: nginx
1 < Date: Mon, 29 Jun 2026 13:55:40 GMT
1 < Content-Type: application/json; charset=utf-8
1 < Content-Length: 146
1 < Connection: keep-alive
1 < X-Powered-By: PHP/8.2.31
1 < Access-Control-Allow-Origin: *
1 < Access-Control-Allow-Methods: GET, POST, PUT, DELETE, OPTIONS
1 < Access-Control-Allow-Headers: Content-Type, Authorization
{"success":true,"message":"Compte créé avec succès.","user":{"id":1247,"name":"Doyle O'Kon","email":"demetra.robel@hotmail.com","role":"user"}}

15:55:40.349 [pool-1-thread-1] DEBUG com.intuit.karate - request:
2 > POST https://api.efi-academy.com/user-api/public/login
2 > Content-Type: application/json; charset=UTF-8
2 > Content-Length: 68
2 > Host: api.efi-academy.com
2 > Connection: Keep-Alive
2 > User-Agent: Apache-HttpClient/4.5.13 (Java/17.0.13)
2 > Accept-Encoding: gzip,deflate
{"email":"demetra.robel@hotmail.com","password":"qH%7e1#fkrCJRdrdK"}

15:55:40.499 [pool-1-thread-1] DEBUG com.intuit.karate - response time in milliseconds: 150
2 < 200
2 < Server: nginx
2 < Date: Mon, 29 Jun 2026 13:55:40 GMT
2 < Content-Type: application/json; charset=utf-8
2 < Content-Length: 428
2 < Connection: keep-alive
2 < X-Powered-By: PHP/8.2.31
2 < Access-Control-Allow-Origin: *
2 < Access-Control-Allow-Methods: GET, POST, PUT, DELETE, OPTIONS
2 < Access-Control-Allow-Headers: Content-Type, Authorization
{"success":true,"message":"Connexion réussie.","token_type":"Bearer","expires_in":3600,"token":"eyJ0eXAiOiJKV1QiLCJhbGciOiJIUzI1NiJ9.eyJpc3MiOiJ1c2VyLWFwaSIsInN1YiI6MTI0Nywicm9sZSI6InVzZXIiLCJpYXQiOjE3ODI3NDEzNDAsImV4cCI6MTc4Mjc0NDk0MCwianRpIjoiODRlMDE0ZWU3NTg3NjQxOTU5NjgyYzA5YmI3OTk5NDcifQ.HXIaYk8vUrqg1INLx3yUtffKXoQ-q0GyeGnKFU4G2EI","user":{"id":1247,"name":"Doyle O'Kon","email":"demetra.robel@hotmail.com","role":"user"}}

15:55:40.519 [pool-1-thread-1] DEBUG com.intuit.karate - request:
3 > POST https://api.efi-academy.com/user-api/public/products
3 > Authorization: Bearer eyJ0eXAiOiJKV1QiLCJhbGciOiJIUzI1NiJ9.eyJpc3MiOiJ1c2VyLWFwaSIsInN1YiI6MTI0Nywicm9sZSI6InVzZXIiLCJpYXQiOjE3ODI3NDEzNDAsImV4cCI6MTc4Mjc0NDk0MCwianRpIjoiODRlMDE0ZWU3NTg3NjQxOTU5NjgyYzA5YmI3OTk5NDcifQ.HXIaYk8vUrqg1INLx3yUtffKXoQ-q0GyeGnKFU4G2EI
3 > Content-Type: application/json; charset=UTF-8
3 > Content-Length: 243
3 > Host: api.efi-academy.com
3 > Connection: Keep-Alive
3 > User-Agent: Apache-HttpClient/4.5.13 (Java/17.0.13)
3 > Accept-Encoding: gzip,deflate
{"name":"Ergonomic Wool Bench","description":["in","et","voluptatem","repudiandae","ducimus","est","rem","maxime","ipsam","ea"],"price":"780,79","stock":14,"image_url":"https:\/\/s3.amazonaws.com\/uifaces\/faces\/twitter\/bergmartin\/128.jpg"}

15:55:40.583 [pool-1-thread-1] DEBUG com.intuit.karate - response time in milliseconds: 64
3 < 403
3 < Server: nginx
3 < Date: Mon, 29 Jun 2026 13:55:40 GMT
3 < Content-Type: application/json; charset=utf-8
3 < Content-Length: 67
3 < Connection: keep-alive
3 < Vary: Authorization
3 < X-Powered-By: PHP/8.2.31
3 < Access-Control-Allow-Origin: *
3 < Access-Control-Allow-Methods: GET, POST, PUT, DELETE, OPTIONS
3 < Access-Control-Allow-Headers: Content-Type, Authorization
{"success":false,"message":"Accès réservé aux administrateurs."}

15:55:41.222 [pool-2-thread-1] INFO  com.intuit.karate.Suite - <<pass>> feature 2 of 3 (1 remaining) classpath:examples/e_commerce/e2e.feature
00:10:18.028 [main] INFO  com.intuit.karate.Runner - using system property 'karate.options': --tags @tags1
00:10:18.793 [main] DEBUG com.intuit.karate.Suite - [config] classpath:karate-config.js
00:10:18.793 [main] INFO  com.intuit.karate.Suite - backed up existing 'target\karate-reports' dir to: target\karate-reports_1782771018793
00:10:18.810 [main] DEBUG com.intuit.karate.Suite - waiting for 3 features to complete
00:10:20.048 [pool-1-thread-1] INFO  com.intuit.karate - karate.env system property was: null 
00:10:20.853 [pool-1-thread-1] DEBUG com.intuit.karate - request:
1 > POST https://api.efi-academy.com/user-api/public/register
1 > Content-Type: application/json; charset=UTF-8
1 > Content-Length: 88
1 > Host: api.efi-academy.com
1 > Connection: Keep-Alive
1 > User-Agent: Apache-HttpClient/4.5.13 (Java/17.0.13)
1 > Accept-Encoding: gzip,deflate
{"name":"Elene Hamill","email":"hai.jast@yahoo.com","password":"G@#3Vroy","role":"user"}

00:10:21.297 [pool-1-thread-1] DEBUG com.intuit.karate - response time in milliseconds: 444
1 < 201
1 < Server: nginx
1 < Date: Mon, 29 Jun 2026 22:10:21 GMT
1 < Content-Type: application/json; charset=utf-8
1 < Content-Length: 140
1 < Connection: keep-alive
1 < X-Powered-By: PHP/8.2.31
1 < Access-Control-Allow-Origin: *
1 < Access-Control-Allow-Methods: GET, POST, PUT, DELETE, OPTIONS
1 < Access-Control-Allow-Headers: Content-Type, Authorization
{"success":true,"message":"Compte créé avec succès.","user":{"id":1273,"name":"Elene Hamill","email":"hai.jast@yahoo.com","role":"user"}}

00:10:21.305 [pool-1-thread-1] DEBUG com.intuit.karate - request:
2 > POST https://api.efi-academy.com/user-api/public/login
2 > Content-Type: application/json; charset=UTF-8
2 > Content-Length: 52
2 > Host: api.efi-academy.com
2 > Connection: Keep-Alive
2 > User-Agent: Apache-HttpClient/4.5.13 (Java/17.0.13)
2 > Accept-Encoding: gzip,deflate
{"email":"hai.jast@yahoo.com","password":"G@#3Vroy"}

00:10:21.464 [pool-1-thread-1] DEBUG com.intuit.karate - response time in milliseconds: 159
2 < 200
2 < Server: nginx
2 < Date: Mon, 29 Jun 2026 22:10:21 GMT
2 < Content-Type: application/json; charset=utf-8
2 < Content-Length: 422
2 < Connection: keep-alive
2 < X-Powered-By: PHP/8.2.31
2 < Access-Control-Allow-Origin: *
2 < Access-Control-Allow-Methods: GET, POST, PUT, DELETE, OPTIONS
2 < Access-Control-Allow-Headers: Content-Type, Authorization
{"success":true,"message":"Connexion réussie.","token_type":"Bearer","expires_in":3600,"token":"eyJ0eXAiOiJKV1QiLCJhbGciOiJIUzI1NiJ9.eyJpc3MiOiJ1c2VyLWFwaSIsInN1YiI6MTI3Mywicm9sZSI6InVzZXIiLCJpYXQiOjE3ODI3NzEwMjEsImV4cCI6MTc4Mjc3NDYyMSwianRpIjoiZDUxNDBmODA1NjA1ZDAzOWY5M2Y0YmU2YjdhODgzMTEifQ.ccC0xpgHo6oNe12_G-sqgSMPbiYJw9NyNIqD3L2CM_o","user":{"id":1273,"name":"Elene Hamill","email":"hai.jast@yahoo.com","role":"user"}}

00:10:21.515 [pool-1-thread-1] DEBUG com.intuit.karate - request:
3 > POST https://api.efi-academy.com/user-api/public/products
3 > Authorization: Bearer eyJ0eXAiOiJKV1QiLCJhbGciOiJIUzI1NiJ9.eyJpc3MiOiJ1c2VyLWFwaSIsInN1YiI6MTI3Mywicm9sZSI6InVzZXIiLCJpYXQiOjE3ODI3NzEwMjEsImV4cCI6MTc4Mjc3NDYyMSwianRpIjoiZDUxNDBmODA1NjA1ZDAzOWY5M2Y0YmU2YjdhODgzMTEifQ.ccC0xpgHo6oNe12_G-sqgSMPbiYJw9NyNIqD3L2CM_o
3 > Content-Type: application/json; charset=UTF-8
3 > Content-Length: 245
3 > Host: api.efi-academy.com
3 > Connection: Keep-Alive
3 > User-Agent: Apache-HttpClient/4.5.13 (Java/17.0.13)
3 > Accept-Encoding: gzip,deflate
{"name":"Sleek Concrete Shoes","description":["id","itaque","voluptatem","sed","voluptas","enim","hic","rerum","error","dolorem"],"price":"264,15","stock":39,"image_url":"https:\/\/s3.amazonaws.com\/uifaces\/faces\/twitter\/catadeleon\/128.jpg"}

00:10:21.600 [pool-1-thread-1] DEBUG com.intuit.karate - response time in milliseconds: 85
3 < 403
3 < Server: nginx
3 < Date: Mon, 29 Jun 2026 22:10:21 GMT
3 < Content-Type: application/json; charset=utf-8
3 < Content-Length: 67
3 < Connection: keep-alive
3 < Vary: Authorization
3 < X-Powered-By: PHP/8.2.31
3 < Access-Control-Allow-Origin: *
3 < Access-Control-Allow-Methods: GET, POST, PUT, DELETE, OPTIONS
3 < Access-Control-Allow-Headers: Content-Type, Authorization
{"success":false,"message":"Accès réservé aux administrateurs."}

00:10:22.697 [pool-2-thread-1] INFO  com.intuit.karate.Suite - <<pass>> feature 2 of 3 (1 remaining) classpath:examples/e_commerce/e2e.feature
